This is pdfTeX, Version 3.141592653-2.6-1.40.22 (TeX Live 2022/dev/Debian) (preloaded format=pdflatex 2025.7.25)  25 JUL 2025 10:27
entering extended mode
 restricted \write18 enabled.
 %&-line parsing enabled.
**main.tex
(./main.tex
LaTeX2e <2021-11-15> patch level 1
L3 programming layer <2022-01-21>
(/usr/share/texlive/texmf-dist/tex/latex/base/article.cls
Document Class: article 2021/10/04 v1.4n Standard LaTeX document class
(/usr/share/texlive/texmf-dist/tex/latex/base/size11.clo
File: size11.clo 2021/10/04 v1.4n Standard LaTeX file (size option)
)
\c@part=\count185
\c@section=\count186
\c@subsection=\count187
\c@subsubsection=\count188
\c@paragraph=\count189
\c@subparagraph=\count190
\c@figure=\count191
\c@table=\count192
\abovecaptionskip=\skip47
\belowcaptionskip=\skip48
\bibindent=\dimen138
)
(/usr/share/texlive/texmf-dist/tex/latex/comment/comment.sty
\CommentStream=\write3

Excluding comment 'comment')
(/usr/share/texlive/texmf-dist/tex/latex/amsmath/amsmath.sty
Package: amsmath 2021/10/15 v2.17l AMS math features
\@mathmargin=\skip49

For additional information on amsmath, use the `?' option.
(/usr/share/texlive/texmf-dist/tex/latex/amsmath/amstext.sty
Package: amstext 2021/08/26 v2.01 AMS text

(/usr/share/texlive/texmf-dist/tex/latex/amsmath/amsgen.sty
File: amsgen.sty 1999/11/30 v2.0 generic functions
\@emptytoks=\toks16
\ex@=\dimen139
))
(/usr/share/texlive/texmf-dist/tex/latex/amsmath/amsbsy.sty
Package: amsbsy 1999/11/29 v1.2d Bold Symbols
\pmbraise@=\dimen140
)
(/usr/share/texlive/texmf-dist/tex/latex/amsmath/amsopn.sty
Package: amsopn 2021/08/26 v2.02 operator names
)
\inf@bad=\count193
LaTeX Info: Redefining \frac on input line 234.
\uproot@=\count194
\leftroot@=\count195
LaTeX Info: Redefining \overline on input line 399.
\classnum@=\count196
\DOTSCASE@=\count197
LaTeX Info: Redefining \ldots on input line 496.
LaTeX Info: Redefining \dots on input line 499.
LaTeX Info: Redefining \cdots on input line 620.
\Mathstrutbox@=\box50
\strutbox@=\box51
\big@size=\dimen141
LaTeX Font Info:    Redeclaring font encoding OML on input line 743.
LaTeX Font Info:    Redeclaring font encoding OMS on input line 744.
\macc@depth=\count198
\c@MaxMatrixCols=\count199
\dotsspace@=\muskip16
\c@parentequation=\count266
\dspbrk@lvl=\count267
\tag@help=\toks17
\row@=\count268
\column@=\count269
\maxfields@=\count270
\andhelp@=\toks18
\eqnshift@=\dimen142
\alignsep@=\dimen143
\tagshift@=\dimen144
\tagwidth@=\dimen145
\totwidth@=\dimen146
\lineht@=\dimen147
\@envbody=\toks19
\multlinegap=\skip50
\multlinetaggap=\skip51
\mathdisplay@stack=\toks20
LaTeX Info: Redefining \[ on input line 2938.
LaTeX Info: Redefining \] on input line 2939.
)
(/usr/share/texlive/texmf-dist/tex/latex/multirow/multirow.sty
Package: multirow 2021/03/15 v2.8 Span multiple rows of a table
\multirow@colwidth=\skip52
\multirow@cntb=\count271
\multirow@dima=\skip53
\bigstrutjot=\dimen148
)
(/usr/share/texlive/texmf-dist/tex/latex/amscls/amsthm.sty
Package: amsthm 2020/05/29 v2.20.6
\thm@style=\toks21
\thm@bodyfont=\toks22
\thm@headfont=\toks23
\thm@notefont=\toks24
\thm@headpunct=\toks25
\thm@preskip=\skip54
\thm@postskip=\skip55
\thm@headsep=\skip56
\dth@everypar=\toks26
)
(/usr/share/texlive/texmf-dist/tex/latex/amsfonts/amssymb.sty
Package: amssymb 2013/01/14 v3.01 AMS font symbols

(/usr/share/texlive/texmf-dist/tex/latex/amsfonts/amsfonts.sty
Package: amsfonts 2013/01/14 v3.01 Basic AMSFonts support
\symAMSa=\mathgroup4
\symAMSb=\mathgroup5
LaTeX Font Info:    Redeclaring math symbol \hbar on input line 98.
LaTeX Font Info:    Overwriting math alphabet `\mathfrak' in version `bold'
(Font)                  U/euf/m/n --> U/euf/b/n on input line 106.
))
(/usr/share/texlive/texmf-dist/tex/latex/graphics/graphics.sty
Package: graphics 2021/03/04 v1.4d Standard LaTeX Graphics (DPC,SPQR)

(/usr/share/texlive/texmf-dist/tex/latex/graphics/trig.sty
Package: trig 2021/08/11 v1.11 sin cos tan (DPC)
)
(/usr/share/texlive/texmf-dist/tex/latex/graphics-cfg/graphics.cfg
File: graphics.cfg 2016/06/04 v1.11 sample graphics configuration
)
Package graphics Info: Driver file: pdftex.def on input line 107.

(/usr/share/texlive/texmf-dist/tex/latex/graphics-def/pdftex.def
File: pdftex.def 2020/10/05 v1.2a Graphics/color driver for pdftex
))
(/usr/share/texlive/texmf-dist/tex/latex/graphics/graphicx.sty
Package: graphicx 2021/09/16 v1.2d Enhanced LaTeX Graphics (DPC,SPQR)

(/usr/share/texlive/texmf-dist/tex/latex/graphics/keyval.sty
Package: keyval 2014/10/28 v1.15 key=value parser (DPC)
\KV@toks@=\toks27
)
\Gin@req@height=\dimen149
\Gin@req@width=\dimen150
)
(/usr/share/texlive/texmf-dist/tex/latex/base/latexsym.sty
Package: latexsym 1998/08/17 v2.2e Standard LaTeX package (lasy symbols)
\symlasy=\mathgroup6
LaTeX Font Info:    Overwriting symbol font `lasy' in version `bold'
(Font)                  U/lasy/m/n --> U/lasy/b/n on input line 52.
)
(/usr/share/texlive/texmf-dist/tex/latex/tools/indentfirst.sty
Package: indentfirst 1995/11/23 v1.03 Indent first paragraph (DPC)
)
(/usr/share/texlive/texmf-dist/tex/latex/tools/bm.sty
Package: bm 2021/04/25 v1.2e Bold Symbol Support (DPC/FMi)
\symboldoperators=\mathgroup7
\symboldletters=\mathgroup8
\symboldsymbols=\mathgroup9
Package bm Info: No bold for \OMX/cmex/m/n, using \pmb.
Package bm Info: No bold for \U/msa/m/n, using \pmb.
Package bm Info: No bold for \U/msb/m/n, using \pmb.
\symboldlasy=\mathgroup10
LaTeX Font Info:    Redeclaring math alphabet \mathbf on input line 149.
)
(/usr/share/texlive/texmf-dist/tex/latex/relsize/relsize.sty
Package: relsize 2013/03/29 ver 4.1
)
(/usr/share/texlive/texmf-dist/tex/latex/titling/titling.sty
Package: titling 2009/09/04 v2.1d maketitle typesetting
\thanksmarkwidth=\skip57
\thanksmargin=\skip58
\droptitle=\skip59
)
(/usr/share/texlive/texmf-dist/tex/latex/titlesec/titlesec.sty
Package: titlesec 2021/07/05 v2.14 Sectioning titles
\ttl@box=\box52
\beforetitleunit=\skip60
\aftertitleunit=\skip61
\ttl@plus=\dimen151
\ttl@minus=\dimen152
\ttl@toksa=\toks28
\titlewidth=\dimen153
\titlewidthlast=\dimen154
\titlewidthfirst=\dimen155
)
(/usr/share/texlive/texmf-dist/tex/latex/pgf/frontendlayer/tikz.sty
(/usr/share/texlive/texmf-dist/tex/latex/pgf/basiclayer/pgf.sty
(/usr/share/texlive/texmf-dist/tex/latex/pgf/utilities/pgfrcs.sty
(/usr/share/texlive/texmf-dist/tex/generic/pgf/utilities/pgfutil-common.tex
\pgfutil@everybye=\toks29
\pgfutil@tempdima=\dimen156
\pgfutil@tempdimb=\dimen157

(/usr/share/texlive/texmf-dist/tex/generic/pgf/utilities/pgfutil-common-lists.t
ex)) (/usr/share/texlive/texmf-dist/tex/generic/pgf/utilities/pgfutil-latex.def
\pgfutil@abb=\box53
) (/usr/share/texlive/texmf-dist/tex/generic/pgf/utilities/pgfrcs.code.tex
(/usr/share/texlive/texmf-dist/tex/generic/pgf/pgf.revision.tex)
Package: pgfrcs 2021/05/15 v3.1.9a (3.1.9a)
))
Package: pgf 2021/05/15 v3.1.9a (3.1.9a)

(/usr/share/texlive/texmf-dist/tex/latex/pgf/basiclayer/pgfcore.sty
(/usr/share/texlive/texmf-dist/tex/latex/pgf/systemlayer/pgfsys.sty
(/usr/share/texlive/texmf-dist/tex/generic/pgf/systemlayer/pgfsys.code.tex
Package: pgfsys 2021/05/15 v3.1.9a (3.1.9a)

(/usr/share/texlive/texmf-dist/tex/generic/pgf/utilities/pgfkeys.code.tex
\pgfkeys@pathtoks=\toks30
\pgfkeys@temptoks=\toks31

(/usr/share/texlive/texmf-dist/tex/generic/pgf/utilities/pgfkeysfiltered.code.t
ex
\pgfkeys@tmptoks=\toks32
))
\pgf@x=\dimen158
\pgf@y=\dimen159
\pgf@xa=\dimen160
\pgf@ya=\dimen161
\pgf@xb=\dimen162
\pgf@yb=\dimen163
\pgf@xc=\dimen164
\pgf@yc=\dimen165
\pgf@xd=\dimen166
\pgf@yd=\dimen167
\w@pgf@writea=\write4
\r@pgf@reada=\read2
\c@pgf@counta=\count272
\c@pgf@countb=\count273
\c@pgf@countc=\count274
\c@pgf@countd=\count275
\t@pgf@toka=\toks33
\t@pgf@tokb=\toks34
\t@pgf@tokc=\toks35
\pgf@sys@id@count=\count276
 (/usr/share/texlive/texmf-dist/tex/generic/pgf/systemlayer/pgf.cfg
File: pgf.cfg 2021/05/15 v3.1.9a (3.1.9a)
)
Driver file for pgf: pgfsys-pdftex.def

(/usr/share/texlive/texmf-dist/tex/generic/pgf/systemlayer/pgfsys-pdftex.def
File: pgfsys-pdftex.def 2021/05/15 v3.1.9a (3.1.9a)

(/usr/share/texlive/texmf-dist/tex/generic/pgf/systemlayer/pgfsys-common-pdf.de
f
File: pgfsys-common-pdf.def 2021/05/15 v3.1.9a (3.1.9a)
)))
(/usr/share/texlive/texmf-dist/tex/generic/pgf/systemlayer/pgfsyssoftpath.code.
tex
File: pgfsyssoftpath.code.tex 2021/05/15 v3.1.9a (3.1.9a)
\pgfsyssoftpath@smallbuffer@items=\count277
\pgfsyssoftpath@bigbuffer@items=\count278
)
(/usr/share/texlive/texmf-dist/tex/generic/pgf/systemlayer/pgfsysprotocol.code.
tex
File: pgfsysprotocol.code.tex 2021/05/15 v3.1.9a (3.1.9a)
)) (/usr/share/texlive/texmf-dist/tex/latex/xcolor/xcolor.sty
Package: xcolor 2021/10/31 v2.13 LaTeX color extensions (UK)

(/usr/share/texlive/texmf-dist/tex/latex/graphics-cfg/color.cfg
File: color.cfg 2016/01/02 v1.6 sample color configuration
)
Package xcolor Info: Driver file: pdftex.def on input line 227.
Package xcolor Info: Model `cmy' substituted by `cmy0' on input line 1352.
Package xcolor Info: Model `hsb' substituted by `rgb' on input line 1356.
Package xcolor Info: Model `RGB' extended on input line 1368.
Package xcolor Info: Model `HTML' substituted by `rgb' on input line 1370.
Package xcolor Info: Model `Hsb' substituted by `hsb' on input line 1371.
Package xcolor Info: Model `tHsb' substituted by `hsb' on input line 1372.
Package xcolor Info: Model `HSB' substituted by `hsb' on input line 1373.
Package xcolor Info: Model `Gray' substituted by `gray' on input line 1374.
Package xcolor Info: Model `wave' substituted by `hsb' on input line 1375.
)
(/usr/share/texlive/texmf-dist/tex/generic/pgf/basiclayer/pgfcore.code.tex
Package: pgfcore 2021/05/15 v3.1.9a (3.1.9a)

(/usr/share/texlive/texmf-dist/tex/generic/pgf/math/pgfmath.code.tex
(/usr/share/texlive/texmf-dist/tex/generic/pgf/math/pgfmathcalc.code.tex
(/usr/share/texlive/texmf-dist/tex/generic/pgf/math/pgfmathutil.code.tex)
(/usr/share/texlive/texmf-dist/tex/generic/pgf/math/pgfmathparser.code.tex
\pgfmath@dimen=\dimen168
\pgfmath@count=\count279
\pgfmath@box=\box54
\pgfmath@toks=\toks36
\pgfmath@stack@operand=\toks37
\pgfmath@stack@operation=\toks38
)
(/usr/share/texlive/texmf-dist/tex/generic/pgf/math/pgfmathfunctions.code.tex
(/usr/share/texlive/texmf-dist/tex/generic/pgf/math/pgfmathfunctions.basic.code
.tex)
(/usr/share/texlive/texmf-dist/tex/generic/pgf/math/pgfmathfunctions.trigonomet
ric.code.tex)
(/usr/share/texlive/texmf-dist/tex/generic/pgf/math/pgfmathfunctions.random.cod
e.tex)
(/usr/share/texlive/texmf-dist/tex/generic/pgf/math/pgfmathfunctions.comparison
.code.tex)
(/usr/share/texlive/texmf-dist/tex/generic/pgf/math/pgfmathfunctions.base.code.
tex)
(/usr/share/texlive/texmf-dist/tex/generic/pgf/math/pgfmathfunctions.round.code
.tex)
(/usr/share/texlive/texmf-dist/tex/generic/pgf/math/pgfmathfunctions.misc.code.
tex)
(/usr/share/texlive/texmf-dist/tex/generic/pgf/math/pgfmathfunctions.integerari
thmetics.code.tex)))
(/usr/share/texlive/texmf-dist/tex/generic/pgf/math/pgfmathfloat.code.tex
\c@pgfmathroundto@lastzeros=\count280
))
(/usr/share/texlive/texmf-dist/tex/generic/pgf/math/pgfint.code.tex)
(/usr/share/texlive/texmf-dist/tex/generic/pgf/basiclayer/pgfcorepoints.code.te
x
File: pgfcorepoints.code.tex 2021/05/15 v3.1.9a (3.1.9a)
\pgf@picminx=\dimen169
\pgf@picmaxx=\dimen170
\pgf@picminy=\dimen171
\pgf@picmaxy=\dimen172
\pgf@pathminx=\dimen173
\pgf@pathmaxx=\dimen174
\pgf@pathminy=\dimen175
\pgf@pathmaxy=\dimen176
\pgf@xx=\dimen177
\pgf@xy=\dimen178
\pgf@yx=\dimen179
\pgf@yy=\dimen180
\pgf@zx=\dimen181
\pgf@zy=\dimen182
)
(/usr/share/texlive/texmf-dist/tex/generic/pgf/basiclayer/pgfcorepathconstruct.
code.tex
File: pgfcorepathconstruct.code.tex 2021/05/15 v3.1.9a (3.1.9a)
\pgf@path@lastx=\dimen183
\pgf@path@lasty=\dimen184
)
(/usr/share/texlive/texmf-dist/tex/generic/pgf/basiclayer/pgfcorepathusage.code
.tex
File: pgfcorepathusage.code.tex 2021/05/15 v3.1.9a (3.1.9a)
\pgf@shorten@end@additional=\dimen185
\pgf@shorten@start@additional=\dimen186
)
(/usr/share/texlive/texmf-dist/tex/generic/pgf/basiclayer/pgfcorescopes.code.te
x
File: pgfcorescopes.code.tex 2021/05/15 v3.1.9a (3.1.9a)
\pgfpic=\box55
\pgf@hbox=\box56
\pgf@layerbox@main=\box57
\pgf@picture@serial@count=\count281
)
(/usr/share/texlive/texmf-dist/tex/generic/pgf/basiclayer/pgfcoregraphicstate.c
ode.tex
File: pgfcoregraphicstate.code.tex 2021/05/15 v3.1.9a (3.1.9a)
\pgflinewidth=\dimen187
)
(/usr/share/texlive/texmf-dist/tex/generic/pgf/basiclayer/pgfcoretransformation
s.code.tex
File: pgfcoretransformations.code.tex 2021/05/15 v3.1.9a (3.1.9a)
\pgf@pt@x=\dimen188
\pgf@pt@y=\dimen189
\pgf@pt@temp=\dimen190
)
(/usr/share/texlive/texmf-dist/tex/generic/pgf/basiclayer/pgfcorequick.code.tex
File: pgfcorequick.code.tex 2021/05/15 v3.1.9a (3.1.9a)
)
(/usr/share/texlive/texmf-dist/tex/generic/pgf/basiclayer/pgfcoreobjects.code.t
ex
File: pgfcoreobjects.code.tex 2021/05/15 v3.1.9a (3.1.9a)
)
(/usr/share/texlive/texmf-dist/tex/generic/pgf/basiclayer/pgfcorepathprocessing
.code.tex
File: pgfcorepathprocessing.code.tex 2021/05/15 v3.1.9a (3.1.9a)
)
(/usr/share/texlive/texmf-dist/tex/generic/pgf/basiclayer/pgfcorearrows.code.te
x
File: pgfcorearrows.code.tex 2021/05/15 v3.1.9a (3.1.9a)
\pgfarrowsep=\dimen191
)
(/usr/share/texlive/texmf-dist/tex/generic/pgf/basiclayer/pgfcoreshade.code.tex
File: pgfcoreshade.code.tex 2021/05/15 v3.1.9a (3.1.9a)
\pgf@max=\dimen192
\pgf@sys@shading@range@num=\count282
\pgf@shadingcount=\count283
)
(/usr/share/texlive/texmf-dist/tex/generic/pgf/basiclayer/pgfcoreimage.code.tex
File: pgfcoreimage.code.tex 2021/05/15 v3.1.9a (3.1.9a)

(/usr/share/texlive/texmf-dist/tex/generic/pgf/basiclayer/pgfcoreexternal.code.
tex
File: pgfcoreexternal.code.tex 2021/05/15 v3.1.9a (3.1.9a)
\pgfexternal@startupbox=\box58
))
(/usr/share/texlive/texmf-dist/tex/generic/pgf/basiclayer/pgfcorelayers.code.te
x
File: pgfcorelayers.code.tex 2021/05/15 v3.1.9a (3.1.9a)
)
(/usr/share/texlive/texmf-dist/tex/generic/pgf/basiclayer/pgfcoretransparency.c
ode.tex
File: pgfcoretransparency.code.tex 2021/05/15 v3.1.9a (3.1.9a)
)
(/usr/share/texlive/texmf-dist/tex/generic/pgf/basiclayer/pgfcorepatterns.code.
tex
File: pgfcorepatterns.code.tex 2021/05/15 v3.1.9a (3.1.9a)
)
(/usr/share/texlive/texmf-dist/tex/generic/pgf/basiclayer/pgfcorerdf.code.tex
File: pgfcorerdf.code.tex 2021/05/15 v3.1.9a (3.1.9a)
)))
(/usr/share/texlive/texmf-dist/tex/generic/pgf/modules/pgfmoduleshapes.code.tex
File: pgfmoduleshapes.code.tex 2021/05/15 v3.1.9a (3.1.9a)
\pgfnodeparttextbox=\box59
) (/usr/share/texlive/texmf-dist/tex/generic/pgf/modules/pgfmoduleplot.code.tex
File: pgfmoduleplot.code.tex 2021/05/15 v3.1.9a (3.1.9a)
)
(/usr/share/texlive/texmf-dist/tex/latex/pgf/compatibility/pgfcomp-version-0-65
.sty
Package: pgfcomp-version-0-65 2021/05/15 v3.1.9a (3.1.9a)
\pgf@nodesepstart=\dimen193
\pgf@nodesepend=\dimen194
)
(/usr/share/texlive/texmf-dist/tex/latex/pgf/compatibility/pgfcomp-version-1-18
.sty
Package: pgfcomp-version-1-18 2021/05/15 v3.1.9a (3.1.9a)
)) (/usr/share/texlive/texmf-dist/tex/latex/pgf/utilities/pgffor.sty
(/usr/share/texlive/texmf-dist/tex/latex/pgf/utilities/pgfkeys.sty
(/usr/share/texlive/texmf-dist/tex/generic/pgf/utilities/pgfkeys.code.tex))
(/usr/share/texlive/texmf-dist/tex/latex/pgf/math/pgfmath.sty
(/usr/share/texlive/texmf-dist/tex/generic/pgf/math/pgfmath.code.tex))
(/usr/share/texlive/texmf-dist/tex/generic/pgf/utilities/pgffor.code.tex
Package: pgffor 2021/05/15 v3.1.9a (3.1.9a)

(/usr/share/texlive/texmf-dist/tex/generic/pgf/math/pgfmath.code.tex)
\pgffor@iter=\dimen195
\pgffor@skip=\dimen196
\pgffor@stack=\toks39
\pgffor@toks=\toks40
))
(/usr/share/texlive/texmf-dist/tex/generic/pgf/frontendlayer/tikz/tikz.code.tex
Package: tikz 2021/05/15 v3.1.9a (3.1.9a)

(/usr/share/texlive/texmf-dist/tex/generic/pgf/libraries/pgflibraryplothandlers
.code.tex
File: pgflibraryplothandlers.code.tex 2021/05/15 v3.1.9a (3.1.9a)
\pgf@plot@mark@count=\count284
\pgfplotmarksize=\dimen197
)
\tikz@lastx=\dimen198
\tikz@lasty=\dimen199
\tikz@lastxsaved=\dimen256
\tikz@lastysaved=\dimen257
\tikz@lastmovetox=\dimen258
\tikz@lastmovetoy=\dimen259
\tikzleveldistance=\dimen260
\tikzsiblingdistance=\dimen261
\tikz@figbox=\box60
\tikz@figbox@bg=\box61
\tikz@tempbox=\box62
\tikz@tempbox@bg=\box63
\tikztreelevel=\count285
\tikznumberofchildren=\count286
\tikznumberofcurrentchild=\count287
\tikz@fig@count=\count288

(/usr/share/texlive/texmf-dist/tex/generic/pgf/modules/pgfmodulematrix.code.tex
File: pgfmodulematrix.code.tex 2021/05/15 v3.1.9a (3.1.9a)
\pgfmatrixcurrentrow=\count289
\pgfmatrixcurrentcolumn=\count290
\pgf@matrix@numberofcolumns=\count291
)
\tikz@expandcount=\count292

(/usr/share/texlive/texmf-dist/tex/generic/pgf/frontendlayer/tikz/libraries/tik
zlibrarytopaths.code.tex
File: tikzlibrarytopaths.code.tex 2021/05/15 v3.1.9a (3.1.9a)
)))
(/usr/share/texlive/texmf-dist/tex/latex/float/float.sty
Package: float 2001/11/08 v1.3d Float enhancements (AL)
\c@float@type=\count293
\float@exts=\toks41
\float@box=\box64
\@float@everytoks=\toks42
\@floatcapt=\box65
)
(/usr/share/texlive/texmf-dist/tex/latex/caption/subcaption.sty
Package: subcaption 2020/10/07 v1.3j Sub-captions (AR)

(/usr/share/texlive/texmf-dist/tex/latex/caption/caption.sty
Package: caption 2020/10/26 v3.5g Customizing captions (AR)

(/usr/share/texlive/texmf-dist/tex/latex/caption/caption3.sty
Package: caption3 2020/10/21 v2.2e caption3 kernel (AR)
\captionmargin=\dimen262
\captionmargin@=\dimen263
\captionwidth=\dimen264
\caption@tempdima=\dimen265
\caption@indent=\dimen266
\caption@parindent=\dimen267
\caption@hangindent=\dimen268
Package caption Info: Standard document class detected.
)
\c@caption@flags=\count294
\c@continuedfloat=\count295
Package caption Info: float package is loaded.
)
\c@subfigure=\count296
\c@subtable=\count297
)
(/usr/share/texlive/texmf-dist/tex/generic/pgf/frontendlayer/tikz/libraries/tik
zlibraryarrows.code.tex
File: tikzlibraryarrows.code.tex 2021/05/15 v3.1.9a (3.1.9a)

(/usr/share/texlive/texmf-dist/tex/generic/pgf/libraries/pgflibraryarrows.code.
tex
File: pgflibraryarrows.code.tex 2021/05/15 v3.1.9a (3.1.9a)
\arrowsize=\dimen269
)) (/usr/share/texlive/texmf-dist/tex/latex/hyperref/hyperref.sty
Package: hyperref 2021-06-07 v7.00m Hypertext links for LaTeX

(/usr/share/texlive/texmf-dist/tex/generic/ltxcmds/ltxcmds.sty
Package: ltxcmds 2020-05-10 v1.25 LaTeX kernel commands for general use (HO)
)
(/usr/share/texlive/texmf-dist/tex/generic/iftex/iftex.sty
Package: iftex 2020/03/06 v1.0d TeX engine tests
)
(/usr/share/texlive/texmf-dist/tex/generic/pdftexcmds/pdftexcmds.sty
Package: pdftexcmds 2020-06-27 v0.33 Utility functions of pdfTeX for LuaTeX (HO
)

(/usr/share/texlive/texmf-dist/tex/generic/infwarerr/infwarerr.sty
Package: infwarerr 2019/12/03 v1.5 Providing info/warning/error messages (HO)
)
Package pdftexcmds Info: \pdf@primitive is available.
Package pdftexcmds Info: \pdf@ifprimitive is available.
Package pdftexcmds Info: \pdfdraftmode found.
)
(/usr/share/texlive/texmf-dist/tex/generic/kvsetkeys/kvsetkeys.sty
Package: kvsetkeys 2019/12/15 v1.18 Key value parser (HO)
)
(/usr/share/texlive/texmf-dist/tex/generic/kvdefinekeys/kvdefinekeys.sty
Package: kvdefinekeys 2019-12-19 v1.6 Define keys (HO)
)
(/usr/share/texlive/texmf-dist/tex/generic/pdfescape/pdfescape.sty
Package: pdfescape 2019/12/09 v1.15 Implements pdfTeX's escape features (HO)
)
(/usr/share/texlive/texmf-dist/tex/latex/hycolor/hycolor.sty
Package: hycolor 2020-01-27 v1.10 Color options for hyperref/bookmark (HO)
)
(/usr/share/texlive/texmf-dist/tex/latex/letltxmacro/letltxmacro.sty
Package: letltxmacro 2019/12/03 v1.6 Let assignment for LaTeX macros (HO)
)
(/usr/share/texlive/texmf-dist/tex/latex/auxhook/auxhook.sty
Package: auxhook 2019-12-17 v1.6 Hooks for auxiliary files (HO)
)
(/usr/share/texlive/texmf-dist/tex/latex/kvoptions/kvoptions.sty
Package: kvoptions 2020-10-07 v3.14 Key value format for package options (HO)
)
\@linkdim=\dimen270
\Hy@linkcounter=\count298
\Hy@pagecounter=\count299

(/usr/share/texlive/texmf-dist/tex/latex/hyperref/pd1enc.def
File: pd1enc.def 2021-06-07 v7.00m Hyperref: PDFDocEncoding definition (HO)
Now handling font encoding PD1 ...
... no UTF-8 mapping file for font encoding PD1
)
(/usr/share/texlive/texmf-dist/tex/latex/hyperref/hyperref-langpatches.def
File: hyperref-langpatches.def 2021-06-07 v7.00m Hyperref: patches for babel la
nguages
)
(/usr/share/texlive/texmf-dist/tex/generic/intcalc/intcalc.sty
Package: intcalc 2019/12/15 v1.3 Expandable calculations with integers (HO)
)
(/usr/share/texlive/texmf-dist/tex/generic/etexcmds/etexcmds.sty
Package: etexcmds 2019/12/15 v1.7 Avoid name clashes with e-TeX commands (HO)
)
\Hy@SavedSpaceFactor=\count300

(/usr/share/texlive/texmf-dist/tex/latex/hyperref/puenc.def
File: puenc.def 2021-06-07 v7.00m Hyperref: PDF Unicode definition (HO)
Now handling font encoding PU ...
... no UTF-8 mapping file for font encoding PU
)
Package hyperref Info: Hyper figures OFF on input line 4192.
Package hyperref Info: Link nesting OFF on input line 4197.
Package hyperref Info: Hyper index ON on input line 4200.
Package hyperref Info: Plain pages OFF on input line 4207.
Package hyperref Info: Backreferencing OFF on input line 4212.
Package hyperref Info: Implicit mode ON; LaTeX internals redefined.
Package hyperref Info: Bookmarks ON on input line 4445.
\c@Hy@tempcnt=\count301

(/usr/share/texlive/texmf-dist/tex/latex/url/url.sty
\Urlmuskip=\muskip17
Package: url 2013/09/16  ver 3.4  Verb mode for urls, etc.
)
LaTeX Info: Redefining \url on input line 4804.
\XeTeXLinkMargin=\dimen271

(/usr/share/texlive/texmf-dist/tex/generic/bitset/bitset.sty
Package: bitset 2019/12/09 v1.3 Handle bit-vector datatype (HO)

(/usr/share/texlive/texmf-dist/tex/generic/bigintcalc/bigintcalc.sty
Package: bigintcalc 2019/12/15 v1.5 Expandable calculations on big integers (HO
)
))
\Fld@menulength=\count302
\Field@Width=\dimen272
\Fld@charsize=\dimen273
Package hyperref Info: Hyper figures OFF on input line 6076.
Package hyperref Info: Link nesting OFF on input line 6081.
Package hyperref Info: Hyper index ON on input line 6084.
Package hyperref Info: backreferencing OFF on input line 6091.
Package hyperref Info: Link coloring OFF on input line 6096.
Package hyperref Info: Link coloring with OCG OFF on input line 6101.
Package hyperref Info: PDF/A mode OFF on input line 6106.
LaTeX Info: Redefining \ref on input line 6146.
LaTeX Info: Redefining \pageref on input line 6150.

(/usr/share/texlive/texmf-dist/tex/latex/base/atbegshi-ltx.sty
Package: atbegshi-ltx 2021/01/10 v1.0c Emulation of the original atbegshi
package with kernel methods
)
\Hy@abspage=\count303
\c@Item=\count304
\c@Hfootnote=\count305
)
Package hyperref Info: Driver (autodetected): hpdftex.

(/usr/share/texlive/texmf-dist/tex/latex/hyperref/hpdftex.def
File: hpdftex.def 2021-06-07 v7.00m Hyperref driver for pdfTeX

(/usr/share/texlive/texmf-dist/tex/latex/base/atveryend-ltx.sty
Package: atveryend-ltx 2020/08/19 v1.0a Emulation of the original atveryend pac
kage
with kernel methods
)
\Fld@listcount=\count306
\c@bookmark@seq@number=\count307

(/usr/share/texlive/texmf-dist/tex/latex/rerunfilecheck/rerunfilecheck.sty
Package: rerunfilecheck 2019/12/05 v1.9 Rerun checks for auxiliary files (HO)

(/usr/share/texlive/texmf-dist/tex/generic/uniquecounter/uniquecounter.sty
Package: uniquecounter 2019/12/15 v1.4 Provide unlimited unique counter (HO)
)
Package uniquecounter Info: New unique counter `rerunfilecheck' on input line 2
86.
)
\Hy@SectionHShift=\skip62
)
(/usr/share/texlive/texmf-dist/tex/latex/adjustbox/adjustbox.sty
Package: adjustbox 2020/08/19 v1.3 Adjusting TeX boxes (trim, clip, ...)

(/usr/share/texlive/texmf-dist/tex/latex/xkeyval/xkeyval.sty
Package: xkeyval 2020/11/20 v2.8 package option processing (HA)

(/usr/share/texlive/texmf-dist/tex/generic/xkeyval/xkeyval.tex
(/usr/share/texlive/texmf-dist/tex/generic/xkeyval/xkvutils.tex
\XKV@toks=\toks43
\XKV@tempa@toks=\toks44
)
\XKV@depth=\count308
File: xkeyval.tex 2014/12/03 v2.7a key=value parser (HA)
))
(/usr/share/texlive/texmf-dist/tex/latex/adjustbox/adjcalc.sty
Package: adjcalc 2012/05/16 v1.1 Provides advanced setlength with multiple back
-ends (calc, etex, pgfmath)
)
(/usr/share/texlive/texmf-dist/tex/latex/adjustbox/trimclip.sty
Package: trimclip 2020/08/19 v1.2 Trim and clip general TeX material

(/usr/share/texlive/texmf-dist/tex/latex/collectbox/collectbox.sty
Package: collectbox 2012/05/17 v0.4b Collect macro arguments as boxes
\collectedbox=\box66
)
\tc@llx=\dimen274
\tc@lly=\dimen275
\tc@urx=\dimen276
\tc@ury=\dimen277
Package trimclip Info: Using driver 'tc-pdftex.def'.

(/usr/share/texlive/texmf-dist/tex/latex/adjustbox/tc-pdftex.def
File: tc-pdftex.def 2019/01/04 v2.2 Clipping driver for pdftex
))
\adjbox@Width=\dimen278
\adjbox@Height=\dimen279
\adjbox@Depth=\dimen280
\adjbox@Totalheight=\dimen281
\adjbox@pwidth=\dimen282
\adjbox@pheight=\dimen283
\adjbox@pdepth=\dimen284
\adjbox@ptotalheight=\dimen285

(/usr/share/texlive/texmf-dist/tex/latex/ifoddpage/ifoddpage.sty
Package: ifoddpage 2016/04/23 v1.1 Conditionals for odd/even page detection
\c@checkoddpage=\count309
)
(/usr/share/texlive/texmf-dist/tex/latex/varwidth/varwidth.sty
Package: varwidth 2009/03/30 ver 0.92;  Variable-width minipages
\@vwid@box=\box67
\sift@deathcycles=\count310
\@vwid@loff=\dimen286
\@vwid@roff=\dimen287
))
\c@theorem=\count311

(./neurips_2019.sty
Package: neurips_2019 2019/03/13 NeurIPS 2019 submission/camera-ready style fil
e
 (/usr/share/texlive/texmf-dist/tex/latex/natbib/natbib.sty
Package: natbib 2010/09/13 8.31b (PWD, AO)
\bibhang=\skip63
\bibsep=\skip64
LaTeX Info: Redefining \cite on input line 694.
\c@NAT@ctr=\count312
) (/usr/share/texlive/texmf-dist/tex/latex/geometry/geometry.sty
Package: geometry 2020/01/02 v5.9 Page Geometry

(/usr/share/texlive/texmf-dist/tex/generic/iftex/ifvtex.sty
Package: ifvtex 2019/10/25 v1.7 ifvtex legacy package. Use iftex instead.
)
\Gm@cnth=\count313
\Gm@cntv=\count314
\c@Gm@tempcnt=\count315
\Gm@bindingoffset=\dimen288
\Gm@wd@mp=\dimen289
\Gm@odd@mp=\dimen290
\Gm@even@mp=\dimen291
\Gm@layoutwidth=\dimen292
\Gm@layoutheight=\dimen293
\Gm@layouthoffset=\dimen294
\Gm@layoutvoffset=\dimen295
\Gm@dimlist=\toks45
)
\@neuripsabovecaptionskip=\skip65
\@neuripsbelowcaptionskip=\skip66
)
(/usr/share/texlive/texmf-dist/tex/latex/base/inputenc.sty
Package: inputenc 2021/02/14 v1.3d Input encoding file
\inpenc@prehook=\toks46
\inpenc@posthook=\toks47
)
(/usr/share/texlive/texmf-dist/tex/latex/base/fontenc.sty
Package: fontenc 2021/04/29 v2.0v Standard LaTeX package
LaTeX Font Info:    Trying to load font information for T1+ptm on input line 11
2.

(/usr/share/texlive/texmf-dist/tex/latex/psnfss/t1ptm.fd
File: t1ptm.fd 2001/06/04 font definitions for T1/ptm.
))
(/usr/share/texlive/texmf-dist/tex/latex/booktabs/booktabs.sty
Package: booktabs 2020/01/12 v1.61803398 Publication quality tables
\heavyrulewidth=\dimen296
\lightrulewidth=\dimen297
\cmidrulewidth=\dimen298
\belowrulesep=\dimen299
\belowbottomsep=\dimen300
\aboverulesep=\dimen301
\abovetopsep=\dimen302
\cmidrulesep=\dimen303
\cmidrulekern=\dimen304
\defaultaddspace=\dimen305
\@cmidla=\count316
\@cmidlb=\count317
\@aboverulesep=\dimen306
\@belowrulesep=\dimen307
\@thisruleclass=\count318
\@lastruleclass=\count319
\@thisrulewidth=\dimen308
)
(/usr/share/texlive/texmf-dist/tex/latex/units/nicefrac.sty
Package: nicefrac 1998/08/04 v0.9b Nice fractions
\L@UnitsRaiseDisplaystyle=\skip67
\L@UnitsRaiseTextstyle=\skip68
\L@UnitsRaiseScriptstyle=\skip69

(/usr/share/texlive/texmf-dist/tex/latex/base/ifthen.sty
Package: ifthen 2020/11/24 v1.1c Standard LaTeX ifthen package (DPC)
))
(/usr/share/texlive/texmf-dist/tex/latex/microtype/microtype.sty
Package: microtype 2021/12/10 v3.0b Micro-typographical refinements (RS)

(/usr/share/texlive/texmf-dist/tex/latex/etoolbox/etoolbox.sty
Package: etoolbox 2020/10/05 v2.5k e-TeX tools for LaTeX (JAW)
\etb@tempcnta=\count320
)
\MT@toks=\toks48
\MT@count=\count321
\MT@tempbox=\box68
LaTeX Info: Redefining \leftprotrusion on input line 1010.
LaTeX Info: Redefining \rightprotrusion on input line 1018.
LaTeX Info: Redefining \textls on input line 1173.
\MT@outer@kern=\dimen309
LaTeX Info: Redefining \textmicrotypecontext on input line 1759.
\MT@listname@count=\count322

(/usr/share/texlive/texmf-dist/tex/latex/microtype/microtype-pdftex.def
File: microtype-pdftex.def 2021/12/10 v3.0b Definitions specific to pdftex (RS)

LaTeX Info: Redefining \lsstyle on input line 897.
LaTeX Info: Redefining \lslig on input line 897.
\MT@outer@space=\skip70
)
Package microtype Info: Loading configuration file microtype.cfg.

(/usr/share/texlive/texmf-dist/tex/latex/microtype/microtype.cfg
File: microtype.cfg 2021/12/10 v3.0b microtype main configuration file (RS)
))
(/usr/share/texlive/texmf-dist/tex/latex/physics/physics.sty
Package: physics 

(/usr/share/texlive/texmf-dist/tex/latex/l3packages/xparse/xparse.sty
(/usr/share/texlive/texmf-dist/tex/latex/l3kernel/expl3.sty
Package: expl3 2022-01-21 L3 programming layer (loader) 

(/usr/share/texlive/texmf-dist/tex/latex/l3backend/l3backend-pdftex.def
File: l3backend-pdftex.def 2022-01-12 L3 backend support: PDF output (pdfTeX)
\l__color_backend_stack_int=\count323
\l__pdf_internal_box=\box69
))
Package: xparse 2022-01-12 L3 Experimental document command parser
))
(./main.aux)
\openout1 = `main.aux'.

LaTeX Font Info:    Checking defaults for OML/cmm/m/it on input line 130.
LaTeX Font Info:    ... okay on input line 130.
LaTeX Font Info:    Checking defaults for OMS/cmsy/m/n on input line 130.
LaTeX Font Info:    ... okay on input line 130.
LaTeX Font Info:    Checking defaults for OT1/cmr/m/n on input line 130.
LaTeX Font Info:    ... okay on input line 130.
LaTeX Font Info:    Checking defaults for T1/cmr/m/n on input line 130.
LaTeX Font Info:    ... okay on input line 130.
LaTeX Font Info:    Checking defaults for TS1/cmr/m/n on input line 130.
LaTeX Font Info:    ... okay on input line 130.
LaTeX Font Info:    Checking defaults for OMX/cmex/m/n on input line 130.
LaTeX Font Info:    ... okay on input line 130.
LaTeX Font Info:    Checking defaults for U/cmr/m/n on input line 130.
LaTeX Font Info:    ... okay on input line 130.
LaTeX Font Info:    Checking defaults for PD1/pdf/m/n on input line 130.
LaTeX Font Info:    ... okay on input line 130.
LaTeX Font Info:    Checking defaults for PU/pdf/m/n on input line 130.
LaTeX Font Info:    ... okay on input line 130.
 (/usr/share/texlive/texmf-dist/tex/context/base/mkii/supp-pdf.mkii
[Loading MPS to PDF converter (version 2006.09.02).]
\scratchcounter=\count324
\scratchdimen=\dimen310
\scratchbox=\box70
\nofMPsegments=\count325
\nofMParguments=\count326
\everyMPshowfont=\toks49
\MPscratchCnt=\count327
\MPscratchDim=\dimen311
\MPnumerator=\count328
\makeMPintoPDFobject=\count329
\everyMPtoPDFconversion=\toks50
) (/usr/share/texlive/texmf-dist/tex/latex/epstopdf-pkg/epstopdf-base.sty
Package: epstopdf-base 2020-01-24 v2.11 Base part for package epstopdf
Package epstopdf-base Info: Redefining graphics rule for `.eps' on input line 4
85.

(/usr/share/texlive/texmf-dist/tex/latex/latexconfig/epstopdf-sys.cfg
File: epstopdf-sys.cfg 2010/07/13 v1.3 Configuration of (r)epstopdf for TeX Liv
e
))
Package caption Info: Begin \AtBeginDocument code.
Package caption Info: hyperref package is loaded.
Package caption Info: End \AtBeginDocument code.
Package hyperref Info: Link coloring OFF on input line 130.

(/usr/share/texlive/texmf-dist/tex/latex/hyperref/nameref.sty
Package: nameref 2021-04-02 v2.47 Cross-referencing by name of section

(/usr/share/texlive/texmf-dist/tex/latex/refcount/refcount.sty
Package: refcount 2019/12/15 v3.6 Data extraction from label references (HO)
)
(/usr/share/texlive/texmf-dist/tex/generic/gettitlestring/gettitlestring.sty
Package: gettitlestring 2019/12/15 v1.6 Cleanup title references (HO)
)
\c@section@level=\count330
)
LaTeX Info: Redefining \ref on input line 130.
LaTeX Info: Redefining \pageref on input line 130.
LaTeX Info: Redefining \nameref on input line 130.

(./main.out) (./main.out)
\@outlinefile=\write5
\openout5 = `main.out'.


*geometry* driver: auto-detecting
*geometry* detected driver: pdftex
*geometry* verbose mode - [ preamble ] result:
* driver: pdftex
* paper: letterpaper
* layout: <same size as paper>
* layoutoffset:(h,v)=(0.0pt,0.0pt)
* modes: 
* h-part:(L,W,R)=(92.14519pt, 430.00462pt, 92.14519pt)
* v-part:(T,H,B)=(95.39737pt, 556.47656pt, 143.09605pt)
* \paperwidth=614.295pt
* \paperheight=794.96999pt
* \textwidth=430.00462pt
* \textheight=556.47656pt
* \oddsidemargin=19.8752pt
* \evensidemargin=19.8752pt
* \topmargin=-13.87262pt
* \headheight=12.0pt
* \headsep=25.0pt
* \topskip=11.0pt
* \footskip=30.0pt
* \marginparwidth=59.0pt
* \marginparsep=10.0pt
* \columnsep=10.0pt
* \skip\footins=9.0pt plus 4.0pt minus 2.0pt
* \hoffset=0.0pt
* \voffset=0.0pt
* \mag=1000
* \@twocolumnfalse
* \@twosidefalse
* \@mparswitchfalse
* \@reversemarginfalse
* (1in=72.27pt=25.4mm, 1cm=28.453pt)

*geometry* verbose mode - [ newgeometry ] result:
* driver: pdftex
* paper: letterpaper
* layout: <same size as paper>
* layoutoffset:(h,v)=(0.0pt,0.0pt)
* modes: 
* h-part:(L,W,R)=(108.405pt, 397.48499pt, 108.40501pt)
* v-part:(T,H,B)=(72.26999pt, 650.43pt, 72.27pt)
* \paperwidth=614.295pt
* \paperheight=794.96999pt
* \textwidth=397.48499pt
* \textheight=650.43pt
* \oddsidemargin=36.13501pt
* \evensidemargin=36.13501pt
* \topmargin=-37.0pt
* \headheight=12.0pt
* \headsep=25.0pt
* \topskip=11.0pt
* \footskip=30.0pt
* \marginparwidth=59.0pt
* \marginparsep=10.0pt
* \columnsep=10.0pt
* \skip\footins=9.0pt plus 4.0pt minus 2.0pt
* \hoffset=0.0pt
* \voffset=0.0pt
* \mag=1000
* \@twocolumnfalse
* \@twosidefalse
* \@mparswitchfalse
* \@reversemarginfalse
* (1in=72.27pt=25.4mm, 1cm=28.453pt)

LaTeX Info: Redefining \microtypecontext on input line 130.
Package microtype Info: Applying patch `item' on input line 130.
Package microtype Info: Applying patch `toc' on input line 130.
Package microtype Info: Applying patch `eqnum' on input line 130.
Package microtype Info: Applying patch `footnote' on input line 130.
Package microtype Info: Generating PDF output.
Package microtype Info: Character protrusion enabled (level 2).
Package microtype Info: Using default protrusion set `alltext'.
Package microtype Info: Automatic font expansion enabled (level 2),
(microtype)             stretch: 20, shrink: 20, step: 1, non-selected.
Package microtype Info: Using default expansion set `alltext-nott'.
LaTeX Info: Redefining \showhyphens on input line 130.
Package microtype Info: No adjustment of tracking.
Package microtype Info: No adjustment of interword spacing.
Package microtype Info: No adjustment of character kerning.
(/usr/share/texlive/texmf-dist/tex/latex/microtype/mt-ptm.cfg
File: mt-ptm.cfg 2006/04/20 v1.7 microtype config. file: Times (RS)
)
(/usr/share/texlive/texmf-dist/tex/latex/microtype/mt-cmr.cfg
File: mt-cmr.cfg 2013/05/19 v2.2 microtype config. file: Computer Modern Roman 
(RS)
)
LaTeX Font Info:    Trying to load font information for U+msa on input line 132
.

(/usr/share/texlive/texmf-dist/tex/latex/amsfonts/umsa.fd
File: umsa.fd 2013/01/14 v3.01 AMS symbols A
)
(/usr/share/texlive/texmf-dist/tex/latex/microtype/mt-msa.cfg
File: mt-msa.cfg 2006/02/04 v1.1 microtype config. file: AMS symbols (a) (RS)
)
LaTeX Font Info:    Trying to load font information for U+msb on input line 132
.

(/usr/share/texlive/texmf-dist/tex/latex/amsfonts/umsb.fd
File: umsb.fd 2013/01/14 v3.01 AMS symbols B
)
(/usr/share/texlive/texmf-dist/tex/latex/microtype/mt-msb.cfg
File: mt-msb.cfg 2005/06/01 v1.0 microtype config. file: AMS symbols (b) (RS)
)
LaTeX Font Info:    Trying to load font information for U+lasy on input line 13
2.

(/usr/share/texlive/texmf-dist/tex/latex/base/ulasy.fd
File: ulasy.fd 1998/08/17 v2.2e LaTeX symbol font definitions
)
LaTeX Font Info:    Font shape `U/lasy/b/n' in size <7> not available
(Font)              Font shape `U/lasy/m/n' tried instead on input line 132.
LaTeX Font Info:    Font shape `U/lasy/b/n' in size <5> not available
(Font)              Font shape `U/lasy/m/n' tried instead on input line 132.


Package natbib Warning: Citation `chowdhury2020dynamic' on page 1 undefined on 
input line 135.


Package natbib Warning: Citation `Youyanggu' on page 1 undefined on input line 
136.


Package natbib Warning: Citation `2020.04.21.20074732' on page 1 undefined on i
nput line 136.


Underfull \vbox (badness 1389) has occurred while \output is active []

 [1


{/var/lib/texmf/fonts/map/pdftex/updmap/pdftex.map}]

Package natbib Warning: Citation `chowdhury2020dynamic' on page 2 undefined on 
input line 143.


Package natbib Warning: Citation `gabgoh' on page 2 undefined on input line 143
.


Package natbib Warning: Citation `chowdhury2020dynamic' on page 2 undefined on 
input line 143.


Package natbib Warning: Citation `socialDistancing' on page 2 undefined on inpu
t line 145.


Package natbib Warning: Citation `Read2020.01.23.20018549' on page 2 undefined 
on input line 145.


Package natbib Warning: Citation `when-to-lift' on page 2 undefined on input li
ne 145.


Underfull \vbox (badness 2469) has occurred while \output is active []

 [2]

Package natbib Warning: Citation `chowdhury2020dynamic' on page 3 undefined on 
input line 150.


Package natbib Warning: Citation `gabgoh' on page 3 undefined on input line 150
.


Package natbib Warning: Citation `Kucharski2020.01.31.20019901' on page 3 undef
ined on input line 157.


Package natbib Warning: Citation `doi:10.1056/NEJMoa2001316' on page 3 undefine
d on input line 157.


Package natbib Warning: Citation `WU2020689' on page 3 undefined on input line 
159.


Package natbib Warning: Citation `who-report' on page 3 undefined on input line
 161.


Package natbib Warning: Citation `PMID:32046819' on page 3 undefined on input l
ine 163.


Package natbib Warning: Citation `article:lau' on page 3 undefined on input lin
e 163.


Package natbib Warning: Citation `article:virlogeux' on page 3 undefined on inp
ut line 163.


Package natbib Warning: Citation `Read2020.01.23.20018549' on page 3 undefined 
on input line 165.


Package natbib Warning: Citation `chowdhury2020dynamic' on page 3 undefined on 
input line 167.


Package natbib Warning: Citation `gabgoh' on page 3 undefined on input line 167
.


Underfull \vbox (badness 6316) has occurred while \output is active []

 [3]

Package natbib Warning: Citation `how-artificial' on page 4 undefined on input 
line 169.


Package natbib Warning: Citation `popescu2020covid' on page 4 undefined on inpu
t line 171.


Package natbib Warning: Citation `gherghel2020romania' on page 4 undefined on i
nput line 171.


Package natbib Warning: Citation `Krivorotko' on page 4 undefined on input line
 173.


Package natbib Warning: Citation `MASSONIS2021441' on page 4 undefined on input
 line 173.


Package natbib Warning: Citation `Ciupe' on page 4 undefined on input line 173.



Package natbib Warning: Citation `Long03082021' on page 4 undefined on input li
ne 173.


Package natbib Warning: Citation `petrica2022regime' on page 4 undefined on inp
ut line 173.


Package natbib Warning: Citation `MARINOV2020100041' on page 4 undefined on inp
ut line 173.


Package natbib Warning: Citation `Sikder' on page 4 undefined on input line 173
.


Package natbib Warning: Citation `chowdhury2020dynamic' on page 4 undefined on 
input line 178.


Package natbib Warning: Citation `doi:10.1137/S0036144500371907' on page 4 unde
fined on input line 178.


LaTeX Warning: Reference `seir-eqs-table' on page 4 undefined on input line 178
.


LaTeX Warning: Reference `visual-seir' on page 4 undefined on input line 179.

[4]

pdfTeX warning: pdflatex (file ./figs/visual-seir.pdf): PDF inclusion: found PD
F version <1.7>, but at most version <1.5> allowed
<figs/visual-seir.pdf, id=35, 453.19313pt x 216.81pt>
File: figs/visual-seir.pdf Graphic file (type pdf)
<use figs/visual-seir.pdf>
Package pdftex.def Info: figs/visual-seir.pdf  used on input line 185.
(pdftex.def)             Requested size: 357.73405pt x 171.14238pt.

LaTeX Warning: Reference `seir-eqs-table' on page 5 undefined on input line 186
.


LaTeX Warning: Reference `seir-eqs-table' on page 5 undefined on input line 186
.


Package natbib Warning: Citation `chowdhury2020dynamic' on page 5 undefined on 
input line 190.


Package natbib Warning: Citation `gabgoh' on page 5 undefined on input line 190
.


LaTeX Warning: Reference `seir-params-table' on page 5 undefined on input line 
214.


LaTeX Warning: Reference `related-work' on page 5 undefined on input line 214.


Package natbib Warning: Citation `gabgoh' on page 5 undefined on input line 214
.

[5 <./figs/visual-seir.pdf>]
LaTeX Font Info:    Trying to load font information for TS1+ptm on input line 2
20.

(/usr/share/texlive/texmf-dist/tex/latex/psnfss/ts1ptm.fd
File: ts1ptm.fd 2001/06/04 font definitions for TS1/ptm.
)

LaTeX Warning: Reference `seir-eqs-table' on page 6 undefined on input line 226
.


LaTeX Warning: Reference `seir-eqs-table' on page 6 undefined on input line 226
.


Overfull \hbox (16.69908pt too wide) in paragraph at lines 229--262
 [][] 
 []


Package natbib Warning: Citation `Tan2012' on page 6 undefined on input line 26
5.

[6]

LaTeX Warning: Reference `eq:1' on page 7 undefined on input line 273.


LaTeX Warning: Reference `eq:2' on page 7 undefined on input line 273.


LaTeX Warning: Reference `seir-params-table' on page 7 undefined on input line 
273.


LaTeX Warning: Reference `eq:1' on page 7 undefined on input line 282.


LaTeX Warning: Reference `coordinate-descent' on page 7 undefined on input line
 297.

[7]

LaTeX Warning: Reference `seir-params-table' on page 8 undefined on input line 
311.


LaTeX Warning: Reference `seir-eqs-table' on page 8 undefined on input line 313
.


Package natbib Warning: Citation `adam-opti' on page 8 undefined on input line 
336.


LaTeX Warning: Reference `gs-nn-comparison' on page 8 undefined on input line 3
40.

[8]

pdfTeX warning: pdflatex (file ./figs/gs_nn_comparison.pdf): PDF inclusion: fou
nd PDF version <1.7>, but at most version <1.5> allowed
<figs/gs_nn_comparison.pdf, id=85, 714.2474pt x 384.59483pt>
File: figs/gs_nn_comparison.pdf Graphic file (type pdf)
<use figs/gs_nn_comparison.pdf>
Package pdftex.def Info: figs/gs_nn_comparison.pdf  used on input line 344.
(pdftex.def)             Requested size: 317.9892pt x 171.22925pt.

Package natbib Warning: Citation `doi:10.1007/s10107-015-0892-3' on page 9 unde
fined on input line 353.


Underfull \vbox (badness 10000) has occurred while \output is active []

 [9 <./figs/gs_nn_comparison.pdf>]

LaTeX Warning: Reference `table:data-dependency-params' on page 10 undefined on
 input line 374.


LaTeX Warning: Reference `sec:error-minim' on page 10 undefined on input line 3
74.

[10]

LaTeX Warning: Reference `fig:optimality' on page 11 undefined on input line 41
6.



pdfTeX warning: pdflatex (file ./figs/30-04-2020/2020-5-3_D_infectious_R0_CFR.p
df): PDF inclusion: found PDF version <1.7>, but at most version <1.5> allowed
<figs/30-04-2020/2020-5-3_D_infectious_R0_CFR.pdf, id=102, 845.10323pt x 526.72
461pt>
File: figs/30-04-2020/2020-5-3_D_infectious_R0_CFR.pdf Graphic file (type pdf)
<use figs/30-04-2020/2020-5-3_D_infectious_R0_CFR.pdf>
Package pdftex.def Info: figs/30-04-2020/2020-5-3_D_infectious_R0_CFR.pdf  used
 on input line 421.
(pdftex.def)             Requested size: 194.76982pt x 121.39325pt.


pdfTeX warning: pdflatex (file ./figs/30-04-2020/2020-5-3_P_SEVERE_D_infectious
_D_incbation.pdf): PDF inclusion: found PDF version <1.7>, but at most version 
<1.5> allowed
<figs/30-04-2020/2020-5-3_P_SEVERE_D_infectious_D_incbation.pdf, id=103, 845.81
866pt x 524.49846pt>
File: figs/30-04-2020/2020-5-3_P_SEVERE_D_infectious_D_incbation.pdf Graphic fi
le (type pdf)
<use figs/30-04-2020/2020-5-3_P_SEVERE_D_infectious_D_incbation.pdf>
Package pdftex.def Info: figs/30-04-2020/2020-5-3_P_SEVERE_D_infectious_D_incba
tion.pdf  used on input line 426.
(pdftex.def)             Requested size: 194.76982pt x 120.77615pt.


pdfTeX warning: pdflatex (file ./figs/30-04-2020/2020-5-3_D_recovery_severe_D_i
ncbation_D_infectious.pdf): PDF inclusion: found PDF version <1.7>, but at most
 version <1.5> allowed
<figs/30-04-2020/2020-5-3_D_recovery_severe_D_incbation_D_infectious.pdf, id=10
4, 845.75433pt x 532.58434pt>
File: figs/30-04-2020/2020-5-3_D_recovery_severe_D_incbation_D_infectious.pdf G
raphic file (type pdf)
<use figs/30-04-2020/2020-5-3_D_recovery_severe_D_incbation_D_infectious.pdf>
Package pdftex.def Info: figs/30-04-2020/2020-5-3_D_recovery_severe_D_incbation
_D_infectious.pdf  used on input line 433.
(pdftex.def)             Requested size: 194.76982pt x 122.64621pt.


pdfTeX warning: pdflatex (file ./figs/30-04-2020/2020-5-3_OMInterventionAmt_D_i
ncbation_CFR.pdf): PDF inclusion: found PDF version <1.7>, but at most version 
<1.5> allowed
<figs/30-04-2020/2020-5-3_OMInterventionAmt_D_incbation_CFR.pdf, id=105, 845.85
597pt x 503.11798pt>
File: figs/30-04-2020/2020-5-3_OMInterventionAmt_D_incbation_CFR.pdf Graphic fi
le (type pdf)
<use figs/30-04-2020/2020-5-3_OMInterventionAmt_D_incbation_CFR.pdf>
Package pdftex.def Info: figs/30-04-2020/2020-5-3_OMInterventionAmt_D_incbation
_CFR.pdf  used on input line 438.
(pdftex.def)             Requested size: 194.76982pt x 115.8452pt.
[11]

LaTeX Warning: Reference `fig:compare-daily-deaths' on page 12 undefined on inp
ut line 446.

[12 <./figs/30-04-2020/2020-5-3_D_infectious_R0_CFR.pdf> <./figs/30-04-2020/202
0-5-3_P_SEVERE_D_infectious_D_incbation.pdf> <./figs/30-04-2020/2020-5-3_D_reco
very_severe_D_incbation_D_infectious.pdf> <./figs/30-04-2020/2020-5-3_OMInterve
ntionAmt_D_incbation_CFR.pdf>]

pdfTeX warning: pdflatex (file ./figs/comparison/05-03-deaths_fitting.pdf): PDF
 inclusion: found PDF version <1.7>, but at most version <1.5> allowed
<figs/comparison/05-03-deaths_fitting.pdf, id=125, 701.56807pt x 371.91547pt>
File: figs/comparison/05-03-deaths_fitting.pdf Graphic file (type pdf)
<use figs/comparison/05-03-deaths_fitting.pdf>
Package pdftex.def Info: figs/comparison/05-03-deaths_fitting.pdf  used on inpu
t line 452.
(pdftex.def)             Requested size: 317.9892pt x 168.56917pt.

LaTeX Warning: Reference `fig:compare-daily-deaths-extrapolation' on page 13 un
defined on input line 457.



pdfTeX warning: pdflatex (file ./figs/comparison/05-03-deaths_extrapolation.pdf
): PDF inclusion: found PDF version <1.7>, but at most version <1.5> allowed
<figs/comparison/05-03-deaths_extrapolation.pdf, id=126, 700.51213pt x 370.8595
3pt>
File: figs/comparison/05-03-deaths_extrapolation.pdf Graphic file (type pdf)
<use figs/comparison/05-03-deaths_extrapolation.pdf>
Package pdftex.def Info: figs/comparison/05-03-deaths_extrapolation.pdf  used o
n input line 461.
(pdftex.def)             Requested size: 317.9892pt x 168.34521pt.

LaTeX Warning: Reference `fig:compare-cumulative-deaths' on page 13 undefined o
n input line 466.


LaTeX Warning: Reference `table:comparison' on page 13 undefined on input line 
466.



pdfTeX warning: pdflatex (file ./figs/comparison/05-03-cumulative_deaths_extrap
olation.pdf): PDF inclusion: found PDF version <1.7>, but at most version <1.5>
 allowed
<figs/comparison/05-03-cumulative_deaths_extrapolation.pdf, id=127, 719.53014pt
 x 366.63274pt>
File: figs/comparison/05-03-cumulative_deaths_extrapolation.pdf Graphic file (t
ype pdf)
<use figs/comparison/05-03-cumulative_deaths_extrapolation.pdf>
Package pdftex.def Info: figs/comparison/05-03-cumulative_deaths_extrapolation.
pdf  used on input line 470.
(pdftex.def)             Requested size: 317.9892pt x 162.03497pt.

Underfull \vbox (badness 10000) has occurred while \output is active []

 [13 <./figs/comparison/05-03-deaths_fitting.pdf> <./figs/comparison/05-03-deat
hs_extrapolation.pdf>]

LaTeX Warning: Reference `sec:error-minim' on page 14 undefined on input line 5
11.


LaTeX Warning: Reference `eq:3' on page 14 undefined on input line 511.

[14 <./figs/comparison/05-03-cumulative_deaths_extrapolation.pdf>]

LaTeX Warning: Reference `optimal-params' on page 15 undefined on input line 52
0.


LaTeX Warning: Reference `deaths-fitting' on page 15 undefined on input line 55
4.


LaTeX Warning: Reference `optimal-params' on page 15 undefined on input line 55
4.

[15]

pdfTeX warning: pdflatex (file ./figs/best_fit/2020-5-21_4_primary_wave-deaths_
fitting.pdf): PDF inclusion: found PDF version <1.7>, but at most version <1.5>
 allowed
<figs/best_fit/2020-5-21_4_primary_wave-deaths_fitting.pdf, id=166, 701.56807pt
 x 366.63274pt>
File: figs/best_fit/2020-5-21_4_primary_wave-deaths_fitting.pdf Graphic file (t
ype pdf)
<use figs/best_fit/2020-5-21_4_primary_wave-deaths_fitting.pdf>
Package pdftex.def Info: figs/best_fit/2020-5-21_4_primary_wave-deaths_fitting.
pdf  used on input line 558.
(pdftex.def)             Requested size: 317.9892pt x 166.17479pt.

LaTeX Warning: Reference `model' on page 16 undefined on input line 563.


LaTeX Warning: Reference `deaths-extrapolation' on page 16 undefined on input l
ine 563.



pdfTeX warning: pdflatex (file ./figs/best_fit/2020-5-21_4_primary_wave-deaths_
extrapolation.pdf): PDF inclusion: found PDF version <1.7>, but at most version
 <1.5> allowed
<figs/best_fit/2020-5-21_4_primary_wave-deaths_extrapolation.pdf, id=167, 701.5
6807pt x 351.84047pt>
File: figs/best_fit/2020-5-21_4_primary_wave-deaths_extrapolation.pdf Graphic f
ile (type pdf)
<use figs/best_fit/2020-5-21_4_primary_wave-deaths_extrapolation.pdf>
Package pdftex.def Info: figs/best_fit/2020-5-21_4_primary_wave-deaths_extrapol
ation.pdf  used on input line 567.
(pdftex.def)             Requested size: 317.9892pt x 159.47026pt.

LaTeX Warning: Reference `cum-deaths-extrapolation' on page 16 undefined on inp
ut line 572.


Underfull \vbox (badness 10000) has occurred while \output is active []

 [16 <./figs/best_fit/2020-5-21_4_primary_wave-deaths_fitting.pdf> <./figs/best
_fit/2020-5-21_4_primary_wave-deaths_extrapolation.pdf>]

pdfTeX warning: pdflatex (file ./figs/best_fit/2020-5-21_4_primary_wave-cumulat
ive_deaths_extrapolation.pdf): PDF inclusion: found PDF version <1.7>, but at m
ost version <1.5> allowed
<figs/best_fit/2020-5-21_4_primary_wave-cumulative_deaths_extrapolation.pdf, id
=183, 717.41727pt x 365.4433pt>
File: figs/best_fit/2020-5-21_4_primary_wave-cumulative_deaths_extrapolation.pd
f Graphic file (type pdf)
<use figs/best_fit/2020-5-21_4_primary_wave-cumulative_deaths_extrapolation.pdf
>
Package pdftex.def Info: figs/best_fit/2020-5-21_4_primary_wave-cumulative_deat
hs_extrapolation.pdf  used on input line 576.
(pdftex.def)             Requested size: 317.9892pt x 161.97769pt.

LaTeX Warning: Reference `infectious-extrapolation' on page 17 undefined on inp
ut line 583.

[17 <./figs/best_fit/2020-5-21_4_primary_wave-cumulative_deaths_extrapolation.p
df>]

pdfTeX warning: pdflatex (file ./figs/best_fit/2020-5-21_4_primary_wave-infecti
ous.pdf): PDF inclusion: found PDF version <1.7>, but at most version <1.5> all
owed
<figs/best_fit/2020-5-21_4_primary_wave-infectious.pdf, id=195, 726.92581pt x 3
50.78453pt>
File: figs/best_fit/2020-5-21_4_primary_wave-infectious.pdf Graphic file (type 
pdf)
<use figs/best_fit/2020-5-21_4_primary_wave-infectious.pdf>
Package pdftex.def Info: figs/best_fit/2020-5-21_4_primary_wave-infectious.pdf 
 used on input line 589.
(pdftex.def)             Requested size: 317.9892pt x 153.45178pt.

LaTeX Warning: Reference `deaths-extrapolation-second-wave' on page 18 undefine
d on input line 598.



pdfTeX warning: pdflatex (file ./figs/moderate/2020-5-21_4_secondary_wave-death
s_extrapolation.pdf): PDF inclusion: found PDF version <1.7>, but at most versi
on <1.5> allowed
<figs/moderate/2020-5-21_4_secondary_wave-deaths_extrapolation.pdf, id=196, 702
.625pt x 348.67064pt>
File: figs/moderate/2020-5-21_4_secondary_wave-deaths_extrapolation.pdf Graphic
 file (type pdf)
<use figs/moderate/2020-5-21_4_secondary_wave-deaths_extrapolation.pdf>
Package pdftex.def Info: figs/moderate/2020-5-21_4_secondary_wave-deaths_extrap
olation.pdf  used on input line 602.
(pdftex.def)             Requested size: 317.9892pt x 157.80478pt.

LaTeX Warning: Reference `cum-deaths-extrapolation-second-wave' on page 18 unde
fined on input line 607.


Package natbib Warning: Citation `Youyanggu' on page 18 undefined on input line
 607.



pdfTeX warning: pdflatex (file ./figs/moderate/2020-5-21_4_secondary_wave-cumul
ative_deaths_extrapolation.pdf): PDF inclusion: found PDF version <1.7>, but at
 most version <1.5> allowed
<figs/moderate/2020-5-21_4_secondary_wave-cumulative_deaths_extrapolation.pdf, 
id=197, 718.4732pt x 368.11226pt>
File: figs/moderate/2020-5-21_4_secondary_wave-cumulative_deaths_extrapolation.
pdf Graphic file (type pdf)
<use figs/moderate/2020-5-21_4_secondary_wave-cumulative_deaths_extrapolation.p
df>
Package pdftex.def Info: figs/moderate/2020-5-21_4_secondary_wave-cumulative_de
aths_extrapolation.pdf  used on input line 611.
(pdftex.def)             Requested size: 317.9892pt x 162.91914pt.
[18 <./figs/best_fit/2020-5-21_4_primary_wave-infectious.pdf> <./figs/moderate/
2020-5-21_4_secondary_wave-deaths_extrapolation.pdf>]

LaTeX Warning: Reference `infectious-extrapolation-second-wave' on page 19 unde
fined on input line 616.



pdfTeX warning: pdflatex (file ./figs/moderate/2020-5-21_4_secondary_wave-infec
tious.pdf): PDF inclusion: found PDF version <1.7>, but at most version <1.5> a
llowed
<figs/moderate/2020-5-21_4_secondary_wave-infectious.pdf, id=213, 729.03966pt x
 349.72757pt>
File: figs/moderate/2020-5-21_4_secondary_wave-infectious.pdf Graphic file (typ
e pdf)
<use figs/moderate/2020-5-21_4_secondary_wave-infectious.pdf>
Package pdftex.def Info: figs/moderate/2020-5-21_4_secondary_wave-infectious.pd
f  used on input line 620.
(pdftex.def)             Requested size: 317.9892pt x 152.54115pt.

LaTeX Warning: Reference `verify-table' on page 19 undefined on input line 629.


[19 <./figs/moderate/2020-5-21_4_secondary_wave-cumulative_deaths_extrapolation
.pdf> <./figs/moderate/2020-5-21_4_secondary_wave-infectious.pdf>]

LaTeX Warning: Reference `table:predictions' on page 20 undefined on input line
 658.

[20]

Package natbib Warning: Citation `chowdhury2020dynamic' on page 21 undefined on
 input line 698.


Package natbib Warning: Citation `2020.04.21.20074732' on page 21 undefined on 
input line 700.


LaTeX Warning: Reference `related-work' on page 21 undefined on input line 700.



Package natbib Warning: Citation `Youyanggu' on page 21 undefined on input line
 700.


Underfull \vbox (badness 2334) has occurred while \output is active []

 [21]
LaTeX Font Info:    Trying to load font information for T1+cmtt on input line 7
13.

(/usr/share/texlive/texmf-dist/tex/latex/base/t1cmtt.fd
File: t1cmtt.fd 2019/12/16 v2.5j Standard LaTeX font definitions
)
Package microtype Info: Loading generic protrusion settings for font family
(microtype)             `cmtt' (encoding: T1).
(microtype)             For optimal results, create family-specific settings.
(microtype)             See the microtype manual for details.
 (./main.bbl [22]
[23]
Underfull \hbox (badness 1102) in paragraph at lines 219--224
\T1/ptm/m/n/10 (+20) dis-ease 2019 (covid-19), 2020.  URL []$\T1/cmtt/m/n/10 ht
tps : / / www . who . int / publications-[]detail /
 []


Overfull \hbox (19.06763pt too wide) in paragraph at lines 219--224
\T1/cmtt/m/n/10 report-[]of-[]the-[]who-[]china-[]joint-[]mission-[]on-[]corona
virus-[]disease-[]2019-[](covid-[]19)$[]\T1/ptm/m/n/10 (-20) . 
 []

) [24]

LaTeX Warning: Reference `eq:1' on page 25 undefined on input line 782.

[25]
Overfull \hbox (97.96074pt too wide) detected at line 803
\OT1/cmr/bx/n/10 f \OT1/cmr/m/n/10 = []
 []


Underfull \hbox (badness 4205) in paragraph at lines 803--805
\T1/ptm/m/n/10 (+20) The Ja-co-bian $\OML/cmm/m/it/10 J \OT1/cmr/m/n/10 = []$ \
T1/ptm/m/n/10 (+20) is a 10\TS1/ptm/m/n/10 (+20) \T1/ptm/m/n/10 (+20) 10 ma-tr
ix. We eval-u-ate it at the steady state
 []

[26] [27]

LaTeX Warning: Reference `seir-eqs-table' on page 28 undefined on input line 92
7.

[28]
Underfull \hbox (badness 10000) in paragraph at lines 966--968

 []


LaTeX Warning: Reference `sei' on page 29 undefined on input line 969.


Underfull \hbox (badness 10000) in paragraph at lines 980--981

 []


Underfull \hbox (badness 10000) in paragraph at lines 985--986

 []

[29]
Underfull \hbox (badness 10000) in paragraph at lines 998--999

 []


LaTeX Warning: Reference `sei' on page 30 undefined on input line 1000.


Underfull \hbox (badness 10000) in paragraph at lines 1005--1007

 []


LaTeX Warning: Reference `sei' on page 30 undefined on input line 1008.


LaTeX Warning: Reference `sei' on page 30 undefined on input line 1021.


LaTeX Warning: Reference `seir-eqs-table' on page 30 undefined on input line 10
32.


Underfull \hbox (badness 10000) in paragraph at lines 1031--1033

 []

[30]

LaTeX Warning: Reference `eqm' on page 31 undefined on input line 1060.


Underfull \hbox (badness 10000) in paragraph at lines 1060--1062

 []


Package natbib Warning: There were undefined citations.

[31] (./main.aux

Package natbib Warning: Citation(s) may have changed.
(natbib)                Rerun to get citations correct.

)

LaTeX Warning: There were undefined references.


LaTeX Warning: Label(s) may have changed. Rerun to get cross-references right.


Package rerunfilecheck Warning: File `main.out' has changed.
(rerunfilecheck)                Rerun to get outlines right
(rerunfilecheck)                or use package `bookmark'.

Package rerunfilecheck Info: Checksums for `main.out':
(rerunfilecheck)             Before: D41D8CD98F00B204E9800998ECF8427E;0
(rerunfilecheck)             After:  FC6F0905065F2DCBB21B78577DBF5857;5320.
 ) 
Here is how much of TeX's memory you used:
 28358 strings out of 480171
 522073 string characters out of 5894489
 811735 words of memory out of 5000000
 45380 multiletter control sequences out of 15000+600000
 514484 words of font info for 234 fonts, out of 8000000 for 9000
 59 hyphenation exceptions out of 8191
 84i,18n,89p,1930b,490s stack positions out of 5000i,500n,10000p,200000b,80000s
 </home/radusqrt/.texlive2021/texmf-var/fonts/pk/ljfour/jknappen/ec/ectt1000.
600pk>{/usr/share/texlive/texmf-dist/fonts/enc/dvips/base/8r.enc}</usr/share/te
xlive/texmf-dist/fonts/type1/public/amsfonts/cm/cmbx10.pfb></usr/share/texlive/
texmf-dist/fonts/type1/public/amsfonts/cm/cmbx7.pfb></usr/share/texlive/texmf-d
ist/fonts/type1/public/amsfonts/cm/cmex10.pfb></usr/share/texlive/texmf-dist/fo
nts/type1/public/amsfonts/cmextra/cmex7.pfb></usr/share/texlive/texmf-dist/font
s/type1/public/amsfonts/cm/cmmi10.pfb></usr/share/texlive/texmf-dist/fonts/type
1/public/amsfonts/cm/cmmi5.pfb></usr/share/texlive/texmf-dist/fonts/type1/publi
c/amsfonts/cm/cmmi7.pfb></usr/share/texlive/texmf-dist/fonts/type1/public/amsfo
nts/cm/cmr10.pfb></usr/share/texlive/texmf-dist/fonts/type1/public/amsfonts/cm/
cmr5.pfb></usr/share/texlive/texmf-dist/fonts/type1/public/amsfonts/cm/cmr7.pfb
></usr/share/texlive/texmf-dist/fonts/type1/public/amsfonts/cm/cmsy10.pfb></usr
/share/texlive/texmf-dist/fonts/type1/public/amsfonts/cm/cmsy5.pfb></usr/share/
texlive/texmf-dist/fonts/type1/public/amsfonts/cm/cmsy7.pfb></usr/share/texlive
/texmf-dist/fonts/type1/public/amsfonts/symbols/msbm10.pfb></usr/share/texlive/
texmf-dist/fonts/type1/urw/times/utmb8a.pfb></usr/share/texlive/texmf-dist/font
s/type1/urw/times/utmr8a.pfb></usr/share/texlive/texmf-dist/fonts/type1/urw/tim
es/utmri8a.pfb>
Output written on main.pdf (31 pages, 1726328 bytes).
PDF statistics:
 530 PDF objects out of 1000 (max. 8388607)
 354 compressed objects within 4 object streams
 141 named destinations out of 1000 (max. 500000)
 44637 words of extra memory for PDF output out of 51595 (max. 10000000)

